<?xml version="1.0" encoding="UTF-8"?>
<robot generator="Robot 3.1.2 (Python 3.8.1 on win32)" generated="20220128 19:23:03.652" rpa="false">
<suite id="s1" name="Login wih images elements" source="c:\Users\Satish\gits\ScreenCoach\TestSuite\Login_wih_images_elements.robot">
<kw name="Suite Setup" type="setup">
<kw name="Open Browser With Download Capabilities" library="SW">
<doc>:param url:
:param browser:
:param remote_url:
:return:</doc>
<arguments>
<arg>https://manage-dev.myscreencoach.com/#/login</arg>
<arg>gc</arg>
<arg>remote_url=${remote_url}</arg>
</arguments>
<status status="PASS" starttime="20220128 19:23:16.527" endtime="20220128 19:23:33.224"></status>
</kw>
<kw name="Maximize Browser Window" library="Selenium2Library">
<doc>Maximizes current browser window.</doc>
<status status="PASS" starttime="20220128 19:23:33.225" endtime="20220128 19:23:35.358"></status>
</kw>
<kw name="Screen Wait" library="SH">
<status status="PASS" starttime="20220128 19:23:35.359" endtime="20220128 19:23:47.359"></status>
</kw>
<status status="PASS" starttime="20220128 19:23:16.527" endtime="20220128 19:23:47.360"></status>
</kw>
<test id="s1-t1" name="User_login">
<kw name="Screen Wait" library="SH">
<status status="PASS" starttime="20220128 19:23:47.363" endtime="20220128 19:23:59.364"></status>
</kw>
<kw name="Select Element From Image" library="SH">
<arguments>
<arg>email_box.png</arg>
</arguments>
<msg timestamp="20220128 19:24:06.902" level="INFO">Point(x=561, y=459)
clicking email_box.png</msg>
<status status="PASS" starttime="20220128 19:23:59.366" endtime="20220128 19:24:06.903"></status>
</kw>
<kw name="Execute Javascript" library="Selenium2Library">
<doc>Executes the given JavaScript code with possible arguments.</doc>
<arguments>
<arg>document.querySelector("#app-container &gt; flt-glass-pane").shadowRoot.querySelector("input").value=${user_name}</arg>
</arguments>
<msg timestamp="20220128 19:24:06.909" level="INFO">Executing JavaScript:
document.querySelector("#app-container &gt; flt-glass-pane").shadowRoot.querySelector("input").value="sneh@myscreencoach.com"
Without any arguments.</msg>
<status status="PASS" starttime="20220128 19:24:06.905" endtime="20220128 19:24:07.011"></status>
</kw>
<kw name="Select Element From Image" library="SH">
<arguments>
<arg>password_box.png</arg>
</arguments>
<msg timestamp="20220128 19:24:14.540" level="INFO">Point(x=614, y=514)
clicking password_box.png</msg>
<status status="PASS" starttime="20220128 19:24:07.012" endtime="20220128 19:24:14.541"></status>
</kw>
<kw name="Execute Javascript" library="Selenium2Library">
<doc>Executes the given JavaScript code with possible arguments.</doc>
<arguments>
<arg>document.querySelector("#app-container &gt; flt-glass-pane").shadowRoot.querySelector("input").value=${user_password}</arg>
</arguments>
<msg timestamp="20220128 19:24:14.544" level="INFO">Executing JavaScript:
document.querySelector("#app-container &gt; flt-glass-pane").shadowRoot.querySelector("input").value="Jaipur123*"
Without any arguments.</msg>
<status status="PASS" starttime="20220128 19:24:14.542" endtime="20220128 19:24:14.585"></status>
</kw>
<kw name="Select Element From Image" library="SH">
<arguments>
<arg>login_box.png</arg>
</arguments>
<msg timestamp="20220128 19:24:22.090" level="INFO">None
clicking login_box.png</msg>
<status status="PASS" starttime="20220128 19:24:14.587" endtime="20220128 19:24:22.091"></status>
</kw>
<kw name="Screen Wait" library="SH">
<status status="PASS" starttime="20220128 19:24:22.092" endtime="20220128 19:24:34.093"></status>
</kw>
<kw name="Execute Javascript" library="Selenium2Library">
<doc>Executes the given JavaScript code with possible arguments.</doc>
<arguments>
<arg>document.body.style.zoom="120%"</arg>
</arguments>
<msg timestamp="20220128 19:24:34.099" level="INFO">Executing JavaScript:
document.body.style.zoom="120%"
Without any arguments.</msg>
<status status="PASS" starttime="20220128 19:24:34.096" endtime="20220128 19:24:34.122"></status>
</kw>
<kw name="Capture Page Screenshot" library="Selenium2Library">
<doc>Takes a screenshot of the current page and embeds it into a log file.</doc>
<arguments>
<arg>message.png</arg>
</arguments>
<msg timestamp="20220128 19:24:34.328" level="INFO" html="yes">&lt;/td&gt;&lt;/tr&gt;&lt;tr&gt;&lt;td colspan="3"&gt;&lt;a href="message.png"&gt;&lt;img src="message.png" width="800px"&gt;&lt;/a&gt;</msg>
<status status="PASS" starttime="20220128 19:24:34.124" endtime="20220128 19:24:34.328"></status>
</kw>
<kw name="Get Image Text" library="OH">
<arguments>
<arg>message.png</arg>
</arguments>
<assign>
<var>${image_text}</var>
</assign>
<msg timestamp="20220128 19:24:41.070" level="INFO">you establish

can earn time by
r home :-)

better habits ai

Forgot your password?

AS</msg>
<msg timestamp="20220128 19:24:41.071" level="INFO">${image_text} =      

 

you establish

can earn time by
r home :-)

better habits ai

Forgot your password?

AS
</msg>
<status status="PASS" starttime="20220128 19:24:34.330" endtime="20220128 19:24:41.071"></status>
</kw>
<kw name="Log" library="BuiltIn">
<doc>Logs the given message with the given level.</doc>
<arguments>
<arg>${image_text}</arg>
</arguments>
<msg timestamp="20220128 19:24:41.072" level="INFO">     

 

you establish

can earn time by
r home :-)

better habits ai

Forgot your password?

AS
</msg>
<status status="PASS" starttime="20220128 19:24:41.072" endtime="20220128 19:24:41.073"></status>
</kw>
<kw name="Set Variable" library="BuiltIn">
<doc>Returns the given values which can then be assigned to a variables.</doc>
<arguments>
<arg>Family List</arg>
</arguments>
<assign>
<var>${validation_message}</var>
</assign>
<msg timestamp="20220128 19:24:41.074" level="INFO">${validation_message} = Family List</msg>
<status status="PASS" starttime="20220128 19:24:41.073" endtime="20220128 19:24:41.074"></status>
</kw>
<kw name="Validate Message" library="SH">
<arguments>
<arg>${image_text}</arg>
<arg>${validation_message}</arg>
</arguments>
<msg timestamp="20220128 19:24:41.076" level="INFO">Chcking message Family List</msg>
<msg timestamp="20220128 19:24:41.078" level="FAIL">message validation failed</msg>
<status status="FAIL" starttime="20220128 19:24:41.075" endtime="20220128 19:24:41.078"></status>
</kw>
<status status="FAIL" starttime="20220128 19:23:47.360" endtime="20220128 19:24:41.079" critical="yes">message validation failed</status>
</test>
<kw name="Suite Teardown" type="teardown">
<kw name="Close Browser" library="Selenium2Library">
<doc>Closes the current browser.</doc>
<status status="PASS" starttime="20220128 19:24:41.085" endtime="20220128 19:24:45.459"></status>
</kw>
<status status="PASS" starttime="20220128 19:24:41.085" endtime="20220128 19:24:45.460"></status>
</kw>
<status status="FAIL" starttime="20220128 19:23:03.657" endtime="20220128 19:24:45.460"></status>
</suite>
<statistics>
<total>
<stat pass="0" fail="1">Critical Tests</stat>
<stat pass="0" fail="1">All Tests</stat>
</total>
<tag>
</tag>
<suite>
<stat pass="0" fail="1" id="s1" name="Login wih images elements">Login wih images elements</stat>
</suite>
</statistics>
<errors>
<msg timestamp="20220128 19:23:03.640" level="ERROR">Executing model modifier 'FilteringTestsSuiteVisitor' failed: AttributeError: 'TestCase' object has no attribute 'source'
Traceback (most recent call last):
  File "c:\Users\Satish\.vscode\extensions\robocorp.robotframework-lsp-0.38.1\src\robotframework_debug_adapter\prerun_modifiers.py", line 87, in start_suite
    source = self._normalize(t.source)</msg>
<msg timestamp="20220128 19:23:16.522" level="ERROR">Error in file 'c:\Users\Satish\gits\ScreenCoach\TestSuite\Login_wih_images_elements.robot': Replacing variables from setting 'Resource' failed: Variable '${Resources}' not found.</msg>
</errors>
</robot>
